QuestaSim-64 vlog 10.7c Compiler 2018.08 Aug 18 2018
Start time: 16:38:17 on Jan 12,2026
vlog -reportprogress 300 "+define+AGENT_CNT=1" "+define+APB_MASTER" "+define+UVM_CMDLINE_NO_DPI" "+define+UVM_REGEX_NO_DPI" "+define+PRINT_TO_APB_SVA_FILE" "+define+CLK_CYCLE=20" "+define+SIM_TIME=1ms" "+define+UVM_NO_DPI" "+define+UVM_HDL_NO_DPI" "+incdir+C:/questasim64_10.7c/uvm-1.2/src" "+incdir+C:/questasim64_10.7c/uvm-1.1d" -f list_file.f -timescale 1ns/1ns -l vlog.log "+cover" 
-- Compiling module Risi_Edge_Detector
-- Compiling module uart_wrapper
-- Compiling module apb_slave
-- Compiling module uart_top
-- Compiling module uart_reg_bank
-- Compiling module tx_fifo
-- Compiling module rx_fifo
-- Compiling module uart_transmitter
-- Compiling module uart_receiver
-- Compiling module baud_rate_generator
-- Compiling package uvm_pkg
-- Compiling package parameter_pkg
-- Compiling interface apb_if
-- Compiling interface uart_if
-- Compiling interface interrupt_if
-- Compiling package apb_vip_pkg
-- Importing package uvm_pkg
-- Importing package parameter_pkg
-- Compiling package uart_vip_pkg
-- Compiling package uart_ral_pkg
-- Compiling package env_cfg_pkg
-- Importing package apb_vip_pkg
-- Compiling package scoreboard_pkg
-- Importing package uart_vip_pkg
-- Importing package env_cfg_pkg
-- Importing package uart_ral_pkg
-- Compiling package env_pkg
-- Importing package scoreboard_pkg
-- Compiling package sequence_pkg
-- Importing package env_pkg
-- Compiling package virtual_sequence_pkg
-- Importing package sequence_pkg
-- Compiling package test_pkg
-- Importing package virtual_sequence_pkg
-- Compiling module tb
-- Importing package test_pkg

Top level modules:
	tb
End time: 16:38:18 on Jan 12,2026, Elapsed time: 0:00:01
Errors: 0, Warnings: 0
